<?xml version="1.0" encoding="UTF-8"?>
<testsuite name="UNIR.app.BasicArithmetic.isEvenOrOddTest" tests="4" skipped="0" failures="0" errors="0" timestamp="2023-10-08T15:14:19" hostname="vicbocanegra-virtual-machine" time="0.006">
  <properties/>
  <testcase name="testIsNotEven()" classname="UNIR.app.BasicArithmetic.isEvenOrOddTest" time="0.001"/>
  <testcase name="testIsOdd()" classname="UNIR.app.BasicArithmetic.isEvenOrOddTest" time="0.001"/>
  <testcase name="testIsNotOdd()" classname="UNIR.app.BasicArithmetic.isEvenOrOddTest" time="0.0"/>
  <testcase name="testIsEven()" classname="UNIR.app.BasicArithmetic.isEvenOrOddTest" time="0.001"/>
  <system-out><![CDATA[]]></system-out>
  <system-err><![CDATA[]]></system-err>
</testsuite>
