<?xml version="1.0" encoding="UTF-8"?>
<testsuite name="UNIR.app.PrimeNumbers.PrimeNumbersTest" tests="3" skipped="0" failures="0" errors="0" timestamp="2023-10-08T19:33:11" hostname="vicbocanegra-virtual-machine" time="0.045">
  <properties/>
  <testcase name="[1] 50, [2, 3, 5, 7, 11, 13, 17, 19, 23, 29, 31, 37, 41, 43, 47]" classname="UNIR.app.PrimeNumbers.PrimeNumbersTest" time="0.036"/>
  <testcase name="[2] 25, [2, 3, 5, 7, 11, 13, 17, 19, 23]" classname="UNIR.app.PrimeNumbers.PrimeNumbersTest" time="0.001"/>
  <testcase name="[3] 15, [2, 3, 5, 7, 11, 13]" classname="UNIR.app.PrimeNumbers.PrimeNumbersTest" time="0.001"/>
  <system-out><![CDATA[]]></system-out>
  <system-err><![CDATA[]]></system-err>
</testsuite>
