-------------------------------------------------------------------------------
Test set: UNIR.app.NumbersAsText.NumbersAsTextTest
-------------------------------------------------------------------------------
Tests run: 1, Failures: 1, Errors: 0, Skipped: 0, Time elapsed: 0 sec <<< FAILURE!
UNIR.app.NumbersAsText.NumbersAsTextTest.testNumberAsText()  Time elapsed: 0 sec  <<< FAILURE!
java.lang.NullPointerException
	at UNIR.app.NumbersAsText.NumbersAsTextTest.testNumberAsText(NumbersAsTextTest.java:20)

