-------------------------------------------------------------------------------
Test set: UNIR.app.PerfectNumbers.NumbersAsTextTest
-------------------------------------------------------------------------------
Tests run: 1, Failures: 1, Errors: 0, Skipped: 0, Time elapsed: 0.002 sec <<< FAILURE!
UNIR.app.PerfectNumbers.NumbersAsTextTest.testPerfectNumbers()  Time elapsed: 0.002 sec  <<< FAILURE!
java.lang.NullPointerException
	at UNIR.app.PerfectNumbers.NumbersAsTextTest.testPerfectNumbers(NumbersAsTextTest.java:29)

